<?xml version="1.0" encoding="UTF-8"?>
<!-- Generated by org.testng.reporters.JUnitReportReporter -->
<testsuite hostname="LAPTOP-6251B6GC" failures="0" tests="1" name="fastPack.FastClass" time="14.812" errors="0" timestamp="2024-06-07T21:15:47 IST" skipped="0">
  <testcase classname="fastPack.FastClass" name="fast" time="14.812"/>
</testsuite> <!-- fastPack.FastClass -->
